<?xml version="1.0" encoding="UTF-8"?>
<!-- Generated by org.testng.reporters.JUnitXMLReporter -->
<testsuite hostname="USER-20170626MT" name="test1" tests="4" failures="0" timestamp="2 Aug 2017 01:15:12 GMT" time="0.017" errors="0">
  <testcase name="a" time="0.016" classname="cn.glory.FirstTestNg"/>
  <testcase name="b" time="0.0" classname="cn.glory.FirstTestNg"/>
  <testcase name="f" time="0.0" classname="cn.glory.FirstTestNg"/>
  <testcase name="n" time="0.0" classname="cn.glory.FirstTestNg"/>
</testsuite> <!-- test1 -->
