<?xml version="1.0" encoding="UTF-8"?>
<!-- Generated by org.testng.reporters.JUnitXMLReporter -->
<testsuite hostname="USER-20170626MT" name="客户-个人客户的添加、编辑、账户明细、删除用、高级查询" tests="5" failures="0" timestamp="14 Aug 2017 08:09:40 GMT" time="54.76" errors="0">
  <testcase name="testAddKehu" time="11.505" classname="kehu.ym.xiaoka.AddKehu"/>
  <testcase name="testEdiKehu" time="7.317" classname="kehu.ym.xiaoka.EditKehu"/>
  <testcase name="testMoneyKehu" time="4.569" classname="kehu.ym.xiaoka.AccountKehu"/>
  <testcase name="testDeleteKehu" time="5.07" classname="kehu.ym.xiaoka.DeleteKehu"/>
  <testcase name="testSearch" time="26.289" classname="kehu.ym.xiaoka.Search"/>
</testsuite> <!-- 客户-个人客户的添加、编辑、账户明细、删除用、高级查询 -->
