<?xml version="1.0" encoding="UTF-8"?>
<!-- Generated by org.testng.reporters.JUnitXMLReporter -->
<testsuite hostname="USER-20170626MT" name="客户-个人客户的添加、编辑、账户明细" tests="5" failures="0" timestamp="14 Aug 2017 07:40:10 GMT" time="56.851" errors="0">
  <testcase name="testAddKehu" time="11.231" classname="kehu.ym.xiaoka.AddKehu"/>
  <testcase name="testEdiKehu" time="6.796" classname="kehu.ym.xiaoka.EditKehu"/>
  <testcase name="testMoneyKehu" time="4.479" classname="kehu.ym.xiaoka.AccountKehu"/>
  <testcase name="testDeleteKehu" time="5.346" classname="kehu.ym.xiaoka.DeleteKehu"/>
  <testcase name="testSearch" time="28.964" classname="kehu.ym.xiaoka.Search"/>
</testsuite> <!-- 客户-个人客户的添加、编辑、账户明细 -->
