<?xml version="1.0" encoding="UTF-8"?>
<!-- Generated by org.testng.reporters.JUnitXMLReporter -->
<testsuite hostname="USER-20170626MT" name="货车类型-添加货车类型、编辑货车类型、删除货车类型" tests="3" failures="0" timestamp="14 Aug 2017 09:36:22 GMT" time="16.463" errors="0">
  <testcase name="testAddHuoche" time="4.968" classname="huoche.ym.xiaoka.AddHuoche"/>
  <testcase name="testEditHuoche" time="6.239" classname="huoche.ym.xiaoka.EditHuoche"/>
  <testcase name="testDeleteHuoche" time="5.234" classname="huoche.ym.xiaoka.DeleteHuoche"/>
</testsuite> <!-- 货车类型-添加货车类型、编辑货车类型、删除货车类型 -->
