<?xml version="1.0" encoding="UTF-8"?>
<!-- Generated by org.testng.reporters.JUnitXMLReporter -->
<testsuite hostname="USER-20170626MT" name="货车类型模块" tests="3" failures="0" timestamp="2 Aug 2017 05:58:10 GMT" time="16.456" errors="0">
  <testcase name="testAddHuoche" time="4.755" classname="huoche.ym.xiaoka.AddHuoche"/>
  <testcase name="testEditHuoche" time="6.467" classname="huoche.ym.xiaoka.EditHuoche"/>
  <testcase name="testDeleteHuoche" time="5.22" classname="huoche.ym.xiaoka.DeleteHuoche"/>
</testsuite> <!-- 货车类型模块 -->
