<?xml version="1.0" encoding="UTF-8"?>
<!-- Generated by org.testng.reporters.JUnitXMLReporter -->
<testsuite hostname="USER-20170626MT" name="货车类型模块：添加货车类型、编辑货车类型、删除货车类型" tests="3" failures="0" timestamp="14 Aug 2017 08:08:45 GMT" time="16.409" errors="0">
  <testcase name="testAddHuoche" time="4.729" classname="huoche.ym.xiaoka.AddHuoche"/>
  <testcase name="testEditHuoche" time="6.371" classname="huoche.ym.xiaoka.EditHuoche"/>
  <testcase name="testDeleteHuoche" time="5.291" classname="huoche.ym.xiaoka.DeleteHuoche"/>
</testsuite> <!-- 货车类型模块：添加货车类型、编辑货车类型、删除货车类型 -->
